18 [140613263996864] INFO perfrun.launcher <> - Launcher main begin
25 [140613263996864] INFO perfrun.launcher <> - MessageCatalogInit finished
25 [140613263996864] INFO perfrun.launcher <> - Launcher instance created
25 [140613263996864] INFO perfrun.launcher <> - argc = 7; cmdline = /media/diego/TOSHIBA EXT/Diego/intel/oneapi/advisor/2022.3.0/bin64/advixe-runss --ui-output-format xml --ui-output-fd 98 --option-file /home/diego/intel/advixe/projects/LAb3/e000/hs001/config/runss.options 
2386 [140613263996864] INFO perfrun.launcher <> - create msngr2::ICliToolContext
2387 [140613263996864] INFO perfrun.launcher <> - create file finder object
2387 [140613263996864] INFO perfrun.launcher <> - create a result directory: pattern = /home/diego/intel/advixe/projects/LAb3/e000/hs001 pid = 4294967295
2508 [140613263996864] INFO perfrun.sdk <> - checked that the directory /home/diego/intel/advixe/projects/LAb3/e000/hs001 is a local directory
2508 [140613263996864] INFO perfrun.sdk <> - the directory /home/diego/intel/advixe/projects/LAb3/e000/hs001 is a local directory with FS type ID 61267
2520 [140613263996864] INFO perfrun.launcher <> - create data directory = /home/diego/intel/advixe/projects/LAb3/e000/hs001/data.0
2520 [140613263996864] INFO perfrun.launcher <> - Creating the master collection flag
2527 [140613263996864] INFO perfrun.launcher <> - Done creating the master collection flag
2548 [140613254481664] INFO perfrun.launcher <> - plugin [remoteplug] was disabled because it doesn't support the given collection type.
2549 [140613254481664] INFO perfrun.sdk <> - Allocating TMU :/home/diego/intel/advixe/projects/LAb3/e000/hs001/data.0/systemcollector-9120-diego-HP-Pavilion-Gaming-Laptop-15-ec0xxx.sc
2574 [140613254481664] INFO perfrun.launcher <> - plugin [] was disabled because it doesn't support the given collection type.
2574 [140613254481664] INFO perfrun.launcher <> - plugin [gpu] was disabled because it doesn't support the given collection type.
2574 [140613254481664] INFO perfrun.launcher <> - plugin [] was disabled because it doesn't support the given collection type.
2574 [140613254481664] INFO perfrun.launcher <> - plugin [] was disabled because it doesn't support the given collection type.
2574 [140613254481664] INFO perfrun.launcher <> - plugin [] was disabled because it doesn't support the given collection type.
2574 [140613254481664] INFO perfrun.mrte <> - system-wide mode is 0
2574 [140613254481664] INFO perfrun.mrte <> - Getting  mrte profiling environment ...
2651 [140613254481664] INFO perfrun.mrte <> - INTEL_MRTE_DATA_DIR=/home/diego/intel/advixe/projects/LAb3/e000/hs001/data.0
2651 [140613254481664] INFO perfrun.mrte <> - INTEL_MRTE_HOST_NAME=diego-HP-Pavilion-Gaming-Laptop-15-ec0xxx
2651 [140613254481664] INFO perfrun.mrte <> - JAVA_TOOL_OPTIONS=-agentlib:advixe_tpssmrte_javaprof_1.0 -Dsun.boot.library.path=/media/diego/TOSHIBA EXT/Diego/intel/oneapi/advisor/2022.3.0/lib32/runtime:/media/diego/TOSHIBA EXT/Diego/intel/oneapi/advisor/2022.3.0/lib64/runtime
2651 [140613254481664] INFO perfrun.mrte <> - LD_LIBRARY_PATH=/media/diego/TOSHIBA EXT/Diego/intel/oneapi/advisor/2022.3.0/lib32/runtime:/media/diego/TOSHIBA EXT/Diego/intel/oneapi/advisor/2022.3.0/lib64/runtime:/media/diego/TOSHIBA EXT/Diego/intel/oneapi/vpl/2022.2.0/lib:/media/diego/TOSHIBA EXT/Diego/intel/oneapi/tbb/2021.7.0/env/../lib/intel64/gcc4.8:/media/diego/TOSHIBA EXT/Diego/intel/oneapi/mpi/2021.7.0//libfabric/lib:/media/diego/TOSHIBA EXT/Diego/intel/oneapi/mpi/2021.7.0//lib/release:/media/diego/TOSHIBA EXT/Diego/intel/oneapi/mpi/2021.7.0//lib:/media/diego/TOSHIBA EXT/Diego/intel/oneapi/mkl/2022.2.0/lib/intel64:/media/diego/TOSHIBA EXT/Diego/intel/oneapi/itac/2021.7.0/slib:/media/diego/TOSHIBA EXT/Diego/intel/oneapi/ipp/2021.6.1/lib/intel64:/media/diego/TOSHIBA EXT/Diego/intel/oneapi/ippcp/2021.6.1/lib/intel64:/media/diego/TOSHIBA EXT/Diego/intel/oneapi/ipp/2021.6.1/lib/intel64:/media/diego/TOSHIBA EXT/Diego/intel/oneapi/dnnl/2022.2.0/cpu_dpcpp_gpu_dpcpp/lib:/media/diego/TOSHIBA EXT/Diego/intel/oneapi/debugger/2021.7.0/gdb/intel64/lib:/media/diego/TOSHIBA EXT/Diego/intel/oneapi/debugger/2021.7.0/libipt/intel64/lib:/media/diego/TOSHIBA EXT/Diego/intel/oneapi/debugger/2021.7.0/dep/lib:/media/diego/TOSHIBA EXT/Diego/intel/oneapi/dal/2021.7.0/lib/intel64:/media/diego/TOSHIBA EXT/Diego/intel/oneapi/compiler/2022.2.0/linux/lib:/media/diego/TOSHIBA EXT/Diego/intel/oneapi/compiler/2022.2.0/linux/lib/x64:/media/diego/TOSHIBA EXT/Diego/intel/oneapi/compiler/2022.2.0/linux/lib/oclfpga/host/linux64/lib:/media/diego/TOSHIBA EXT/Diego/intel/oneapi/compiler/2022.2.0/linux/compiler/lib/intel64_lin:/media/diego/TOSHIBA EXT/Diego/intel/oneapi/ccl/2021.7.0/lib/cpu_gpu_dpcpp
2651 [140613254481664] INFO perfrun.mrte <> - Data directory: /home/diego/intel/advixe/projects/LAb3/e000/hs001/data.0
2651 [140613254481664] INFO perfrun.mrte <> - Mrte plugin is initialized
2651 [140613254481664] INFO perfrun.launcher <> - plugin [] was disabled because it doesn't support the given collection type.
2651 [140613254481664] INFO perfrun.launcher <> - plugin [] was disabled because it doesn't support the given collection type.
2651 [140613254481664] INFO perfrun.launcher <> - plugin [] was disabled because it doesn't support the given collection type.
2651 [140613254481664] INFO perfrun.launcher <> - plugin [] was disabled because it doesn't support the given collection type.
2651 [140613254481664] INFO perfrun.launcher <> - plugin [] was disabled because it doesn't support the given collection type.
2651 [140613254481664] INFO perfrun.launcher <> - plugin [] was disabled because it doesn't support the given collection type.
2651 [140613254481664] INFO perfrun.launcher <> - plugin [] was disabled because it doesn't support the given collection type.
2651 [140613254481664] INFO perfrun.tpss <> - initialize tpss controller
2651 [140613254481664] INFO perfrun.tpss <> - configure collection mode: value = cpu:stack
2651 [140613254481664] INFO perfrun.tpss <> - default obj-size-min=1024
2651 [140613254481664] INFO perfrun.tpss <> - default hash-table-size=0
2651 [140613254481664] INFO perfrun.launcher <> - plugin [] was disabled because it doesn't support the given collection type.
2651 [140613254481664] INFO perfrun.launcher <> - plugin [] was disabled because it doesn't support the given collection type.
2651 [140613254481664] INFO perfrun.launcher <> - plugin [] was disabled because it doesn't support the given collection type.
2651 [140613254481664] INFO perfrun.launcher <> - plugin [] was disabled because it doesn't support the given collection type.
2651 [140613254481664] INFO perfrun.launcher <> - plugin [] was disabled because it doesn't support the given collection type.
2651 [140613254481664] INFO perfrun.launcher <> - plugin [] was disabled because it doesn't support the given collection type.
2651 [140613254481664] INFO perfrun.launcher <> - plugin [] was disabled because it doesn't support the given collection type.
2651 [140613254481664] INFO perfrun.launcher <> - plugin [] was disabled because it doesn't support the given collection type.
2651 [140613254481664] INFO perfrun.launcher <> - plugin [] was disabled because it doesn't support the given collection type.
2652 [140613263996864] INFO perfrun.launcher <> - set environment variable: LD_LIBRARY_PATH = /media/diego/TOSHIBA EXT/Diego/intel/oneapi/advisor/2022.3.0/lib32/runtime:/media/diego/TOSHIBA EXT/Diego/intel/oneapi/advisor/2022.3.0/lib64/runtime:/media/diego/TOSHIBA EXT/Diego/intel/oneapi/vpl/2022.2.0/lib:/media/diego/TOSHIBA EXT/Diego/intel/oneapi/tbb/2021.7.0/env/../lib/intel64/gcc4.8:/media/diego/TOSHIBA EXT/Diego/intel/oneapi/mpi/2021.7.0//libfabric/lib:/media/diego/TOSHIBA EXT/Diego/intel/oneapi/mpi/2021.7.0//lib/release:/media/diego/TOSHIBA EXT/Diego/intel/oneapi/mpi/2021.7.0//lib:/media/diego/TOSHIBA EXT/Diego/intel/oneapi/mkl/2022.2.0/lib/intel64:/media/diego/TOSHIBA EXT/Diego/intel/oneapi/itac/2021.7.0/slib:/media/diego/TOSHIBA EXT/Diego/intel/oneapi/ipp/2021.6.1/lib/intel64:/media/diego/TOSHIBA EXT/Diego/intel/oneapi/ippcp/2021.6.1/lib/intel64:/media/diego/TOSHIBA EXT/Diego/intel/oneapi/ipp/2021.6.1/lib/intel64:/media/diego/TOSHIBA EXT/Diego/intel/oneapi/dnnl/2022.2.0/cpu_dpcpp_gpu_dpcpp/lib:/media/diego/TOSHIBA EXT/Diego/intel/oneapi/debugger/2021.7.0/gdb/intel64/lib:/media/diego/TOSHIBA EXT/Diego/intel/oneapi/debugger/2021.7.0/libipt/intel64/lib:/media/diego/TOSHIBA EXT/Diego/intel/oneapi/debugger/2021.7.0/dep/lib:/media/diego/TOSHIBA EXT/Diego/intel/oneapi/dal/2021.7.0/lib/intel64:/media/diego/TOSHIBA EXT/Diego/intel/oneapi/compiler/2022.2.0/linux/lib:/media/diego/TOSHIBA EXT/Diego/intel/oneapi/compiler/2022.2.0/linux/lib/x64:/media/diego/TOSHIBA EXT/Diego/intel/oneapi/compiler/2022.2.0/linux/lib/oclfpga/host/linux64/lib:/media/diego/TOSHIBA EXT/Diego/intel/oneapi/compiler/2022.2.0/linux/compiler/lib/intel64_lin:/media/diego/TOSHIBA EXT/Diego/intel/oneapi/ccl/2021.7.0/lib/cpu_gpu_dpcpp
2652 [140613263996864] INFO perfrun.launcher <> - set environment variable: INTEL_LIBITTNOTIFY32 = /media/diego/TOSHIBA EXT/Diego/intel/oneapi/advisor/2022.3.0/lib32/runtime/libittnotify_collector.so
2652 [140613263996864] INFO perfrun.launcher <> - set environment variable: INTEL_LIBITTNOTIFY64 = /media/diego/TOSHIBA EXT/Diego/intel/oneapi/advisor/2022.3.0/lib64/runtime/libittnotify_collector.so
2652 [140613263996864] INFO perfrun.launcher <> - set environment variable: INTEL_ITTNOTIFY_GROUPS = 
2652 [140613263996864] INFO perfrun.launcher <> - set environment variable: INTEL_JIT_PROFILER32 = /media/diego/TOSHIBA EXT/Diego/intel/oneapi/advisor/2022.3.0/lib32/runtime/libittnotify_collector.so
2652 [140613263996864] INFO perfrun.launcher <> - set environment variable: INTEL_JIT_PROFILER64 = /media/diego/TOSHIBA EXT/Diego/intel/oneapi/advisor/2022.3.0/lib64/runtime/libittnotify_collector.so
2652 [140613263996864] INFO perfrun.launcher <> - set environment variable: OMP_TOOL_LIBRARIES = /media/diego/TOSHIBA EXT/Diego/intel/oneapi/advisor/2022.3.0/lib32/runtime/libittnotify_collector.so:/media/diego/TOSHIBA EXT/Diego/intel/oneapi/advisor/2022.3.0/lib64/runtime/libittnotify_collector.so
2652 [140613263996864] INFO perfrun.launcher <> - set environment variable: ENABLE_JITPROFILING = 1
2652 [140613263996864] INFO perfrun.launcher <> - set environment variable: CL_CONFIG_USE_VTUNE = True
2652 [140613263996864] INFO perfrun.launcher <> - set environment variable: KMP_FORKJOIN_FRAMES = 0
2652 [140613263996864] INFO perfrun.launcher <> - set environment variable: KMP_FORKJOIN_FRAMES_MODE = 0
2652 [140613263996864] INFO perfrun.launcher <> - set environment variable: OMP_TOOL = disabled
2652 [140613263996864] INFO perfrun.launcher <> - set environment variable: INTEL_MRTE_DATA_DIR = /home/diego/intel/advixe/projects/LAb3/e000/hs001/data.0
2652 [140613263996864] INFO perfrun.launcher <> - set environment variable: INTEL_MRTE_HOST_NAME = diego-HP-Pavilion-Gaming-Laptop-15-ec0xxx
2652 [140613263996864] INFO perfrun.launcher <> - set environment variable: JAVA_TOOL_OPTIONS = -agentlib:advixe_tpssmrte_javaprof_1.0 -Dsun.boot.library.path=/media/diego/TOSHIBA EXT/Diego/intel/oneapi/advisor/2022.3.0/lib32/runtime:/media/diego/TOSHIBA EXT/Diego/intel/oneapi/advisor/2022.3.0/lib64/runtime
2652 [140613263996864] INFO perfrun.launcher <> - set environment variable: LD_LIBRARY_PATH = /media/diego/TOSHIBA EXT/Diego/intel/oneapi/advisor/2022.3.0/lib32/runtime:/media/diego/TOSHIBA EXT/Diego/intel/oneapi/advisor/2022.3.0/lib64/runtime:/media/diego/TOSHIBA EXT/Diego/intel/oneapi/vpl/2022.2.0/lib:/media/diego/TOSHIBA EXT/Diego/intel/oneapi/tbb/2021.7.0/env/../lib/intel64/gcc4.8:/media/diego/TOSHIBA EXT/Diego/intel/oneapi/mpi/2021.7.0//libfabric/lib:/media/diego/TOSHIBA EXT/Diego/intel/oneapi/mpi/2021.7.0//lib/release:/media/diego/TOSHIBA EXT/Diego/intel/oneapi/mpi/2021.7.0//lib:/media/diego/TOSHIBA EXT/Diego/intel/oneapi/mkl/2022.2.0/lib/intel64:/media/diego/TOSHIBA EXT/Diego/intel/oneapi/itac/2021.7.0/slib:/media/diego/TOSHIBA EXT/Diego/intel/oneapi/ipp/2021.6.1/lib/intel64:/media/diego/TOSHIBA EXT/Diego/intel/oneapi/ippcp/2021.6.1/lib/intel64:/media/diego/TOSHIBA EXT/Diego/intel/oneapi/ipp/2021.6.1/lib/intel64:/media/diego/TOSHIBA EXT/Diego/intel/oneapi/dnnl/2022.2.0/cpu_dpcpp_gpu_dpcpp/lib:/media/diego/TOSHIBA EXT/Diego/intel/oneapi/debugger/2021.7.0/gdb/intel64/lib:/media/diego/TOSHIBA EXT/Diego/intel/oneapi/debugger/2021.7.0/libipt/intel64/lib:/media/diego/TOSHIBA EXT/Diego/intel/oneapi/debugger/2021.7.0/dep/lib:/media/diego/TOSHIBA EXT/Diego/intel/oneapi/dal/2021.7.0/lib/intel64:/media/diego/TOSHIBA EXT/Diego/intel/oneapi/compiler/2022.2.0/linux/lib:/media/diego/TOSHIBA EXT/Diego/intel/oneapi/compiler/2022.2.0/linux/lib/x64:/media/diego/TOSHIBA EXT/Diego/intel/oneapi/compiler/2022.2.0/linux/lib/oclfpga/host/linux64/lib:/media/diego/TOSHIBA EXT/Diego/intel/oneapi/compiler/2022.2.0/linux/compiler/lib/intel64_lin:/media/diego/TOSHIBA EXT/Diego/intel/oneapi/ccl/2021.7.0/lib/cpu_gpu_dpcpp
2652 [140613263996864] INFO perfrun.launcher <> - RpcServer: run RPC server to handle requests
2653 [140613263996864] INFO perfrun.launcher <> - Launcher: command line to start before modification = /home/diego/net-book-code/ArCo/git/lab3-b1-diegocordero-rosamariafernandez/results/task1/complexmul
2654 [140613263996864] INFO perfrun.launcher <> - Launcher: command line to start after modification = /media/diego/TOSHIBA EXT/Diego/intel/oneapi/advisor/2022.3.0/bin64/pin -error_file /home/diego/intel/advixe/projects/LAb3/e000/hs001/data.0/pinerr.tpsslog -detach_reattach -follow_execv -tool_load_option deepbind -t64 /media/diego/TOSHIBA EXT/Diego/intel/oneapi/advisor/2022.3.0/lib64/libtpsstool.so -t /media/diego/TOSHIBA EXT/Diego/intel/oneapi/advisor/2022.3.0/lib32/libtpsstool.so -server_name tpss_ipc.9120 -prd_dir /media/diego/TOSHIBA EXT/Diego/intel/oneapi/advisor/2022.3.0 -- /home/diego/net-book-code/ArCo/git/lab3-b1-diegocordero-rosamariafernandez/results/task1/complexmul
2654 [140613263996864] INFO perfrun.launcher <> - ProcessCreator object was created
2655 [140613263996864] INFO perfrun.launcher <> - Launcher: the process was started in suspend mode
2697 [140613254481664] WARN perfrun.system <> - Could not do anything with /sys/kernel/debug/kvm: boost::filesystem::status: Permission denied: "/sys/kernel/debug/kvm", at file: vcs/perfrun1/plugins/system/src/trace_writer.cpp:787
2697 [140613254481664] WARN perfrun.system <> - Folder "/var/run/libvirt/qemu/"doesn't exist, at file: vcs/perfrun1/plugins/system/src/trace_writer.cpp:800
2699 [140613254481664] WARN perfrun.sdk <> - Failed to find xl binary on any of the system paths: /bin, /sbin, /usr/bin, /usr/sbin., at file: vcs/perfrun1/sdk/src/utils.cpp:204
2712 [140613254481664] INFO perfrun.vdso <> - Helper runtool '/media/diego/TOSHIBA EXT/Diego/intel/oneapi/advisor/2022.3.0/bin32/advixe-runss -dump-vdso -r /home/diego/intel/advixe/projects/LAb3/e000/hs001 --tmp-dir /tmp/advixe-tmp-diego' returned 1
5405 [140613254481664] INFO perfrun.vdso <> - Helper runtool '/media/diego/TOSHIBA EXT/Diego/intel/oneapi/advisor/2022.3.0/bin64/advixe-runss -dump-vdso -r /home/diego/intel/advixe/projects/LAb3/e000/hs001 --tmp-dir /tmp/advixe-tmp-diego' returned 0
5406 [140613254481664] INFO perfrun.itt <> - start itt controller for pid #9134
5406 [140613254481664] INFO perfrun.tpss <> - start tpss controller for pid #9134
5457 [140613263996864] INFO perfrun.launcher <> - Launcher: all plugins were started
5457 [140613263996864] INFO perfrun.launcher <> - DirectoryMonitor object was created
5457 [140613263996864] INFO perfrun.launcher <> - DirectoryMonitor: a callback was added
5457 [140613263996864] INFO perfrun.launcher <> - DirectoryMonitor was started with pingTime = 1000
5457 [140613263996864] INFO perfrun.launcher <> - DeadlineTimer is going to be constructed
5457 [140613263996864] INFO perfrun.launcher <> - DeadlineTimer: a callback was added
5462 [140613263996864] INFO perfrun.launcher <> - Launcher: resume the profiled application and  wait its termination or stop command
37683 [140613263996864] INFO perfrun.launcher <> - Launcher: the profiled application was terminated  with exit code = 0
37696 [140613254481664] INFO perfrun.itt <> - detach itt controller
37696 [140613254481664] INFO perfrun.itt <> - detach itt controller done
37696 [140613254481664] INFO perfrun.tpss <> - stop tpss controller
37816 [140613254481664] INFO perfrun.sdk <> - De-allocating TMU: /home/diego/intel/advixe/projects/LAb3/e000/hs001/data.0/systemcollector-9120-diego-HP-Pavilion-Gaming-Laptop-15-ec0xxx.sc
37816 [140613254481664] INFO perfrun.system <> - closed the system trace file: /home/diego/intel/advixe/projects/LAb3/e000/hs001/data.0/systemcollector-9120-diego-HP-Pavilion-Gaming-Laptop-15-ec0xxx.sc
37816 [140613263996864] INFO perfrun.launcher <> - Launcher: all plugins were stopped.
37816 [140613263996864] INFO perfrun.launcher <> - DeadlineTimer is going to be destroyed
37817 [140613263996864] INFO perfrun.launcher <> - DeadlineTimer was destroyed
37817 [140613263996864] INFO perfrun.launcher <> - DirectoryMonitor object was destroyed
37817 [140613263996864] WARN perfrun.launcher <> - Stop command is ignored because it is received when collection is already stopped, at file: vcs/perfrun1/launcher/src/command_handler.cpp:226
37818 [140613263996864] INFO perfrun.launcher <> - Application exit code: 0
37818 [140613263996864] INFO perfrun.launcher <> - Exit code: 0
