20 [140445016188864] INFO perfrun.launcher <> - Launcher main begin
31 [140445016188864] INFO perfrun.launcher <> - MessageCatalogInit finished
31 [140445016188864] INFO perfrun.launcher <> - Launcher instance created
31 [140445016188864] INFO perfrun.launcher <> - argc = 6; cmdline = /media/diego/TOSHIBA EXT/Diego/intel/oneapi/advisor/2022.3.0/bin64/advixe-runss -dump-vdso -r /home/diego/intel/advixe/projects/LAb3/e000/hs001 --tmp-dir /tmp/advixe-tmp-diego 
2485 [140445016188864] INFO perfrun.launcher <> - create msngr2::ICliToolContext
2486 [140445016188864] INFO perfrun.launcher <> - create file finder object
2509 [140445006673664] INFO perfrun.launcher <> - plugin [remoteplug] was disabled because it doesn't support the given collection type.
2509 [140445006673664] INFO perfrun.launcher <> - plugin [system] was disabled because it doesn't support the given collection type.
2509 [140445006673664] INFO perfrun.vdso <> - dumping [vdso] pseudomodule
2515 [140445006673664] INFO perfrun.launcher <> - plugin [itt] was disabled because it doesn't support the given collection type.
2515 [140445006673664] INFO perfrun.launcher <> - plugin [] was disabled because it doesn't support the given collection type.
2515 [140445006673664] INFO perfrun.launcher <> - plugin [gpu] was disabled because it doesn't support the given collection type.
2515 [140445006673664] INFO perfrun.launcher <> - plugin [] was disabled because it doesn't support the given collection type.
2515 [140445006673664] INFO perfrun.launcher <> - plugin [] was disabled because it doesn't support the given collection type.
2515 [140445006673664] INFO perfrun.launcher <> - plugin [] was disabled because it doesn't support the given collection type.
2515 [140445006673664] INFO perfrun.launcher <> - plugin [mrte] was disabled because it doesn't support the given collection type.
2515 [140445006673664] INFO perfrun.launcher <> - plugin [] was disabled because it doesn't support the given collection type.
2515 [140445006673664] INFO perfrun.launcher <> - plugin [] was disabled because it doesn't support the given collection type.
2515 [140445006673664] INFO perfrun.launcher <> - plugin [] was disabled because it doesn't support the given collection type.
2515 [140445006673664] INFO perfrun.launcher <> - plugin [] was disabled because it doesn't support the given collection type.
2515 [140445006673664] INFO perfrun.launcher <> - plugin [] was disabled because it doesn't support the given collection type.
2515 [140445006673664] INFO perfrun.launcher <> - plugin [] was disabled because it doesn't support the given collection type.
2515 [140445006673664] INFO perfrun.launcher <> - plugin [] was disabled because it doesn't support the given collection type.
2515 [140445006673664] INFO perfrun.launcher <> - plugin [tpss] was disabled because it doesn't support the given collection type.
2515 [140445006673664] INFO perfrun.launcher <> - plugin [] was disabled because it doesn't support the given collection type.
2515 [140445006673664] INFO perfrun.launcher <> - plugin [] was disabled because it doesn't support the given collection type.
2515 [140445006673664] INFO perfrun.launcher <> - plugin [] was disabled because it doesn't support the given collection type.
2515 [140445006673664] INFO perfrun.launcher <> - plugin [] was disabled because it doesn't support the given collection type.
2516 [140445006673664] INFO perfrun.launcher <> - plugin [] was disabled because it doesn't support the given collection type.
2516 [140445006673664] INFO perfrun.launcher <> - plugin [] was disabled because it doesn't support the given collection type.
2516 [140445006673664] INFO perfrun.launcher <> - plugin [] was disabled because it doesn't support the given collection type.
2516 [140445006673664] INFO perfrun.launcher <> - plugin [] was disabled because it doesn't support the given collection type.
2516 [140445006673664] INFO perfrun.launcher <> - plugin [] was disabled because it doesn't support the given collection type.
2516 [140445016188864] INFO perfrun.launcher <> - Application exit code: 0
2516 [140445016188864] INFO perfrun.launcher <> - Exit code: 0
