18 [140018270377920] INFO perfrun.launcher <> - Launcher main begin
26 [140018270377920] INFO perfrun.launcher <> - MessageCatalogInit finished
26 [140018270377920] INFO perfrun.launcher <> - Launcher instance created
26 [140018270377920] INFO perfrun.launcher <> - argc = 6; cmdline = /media/diego/TOSHIBA EXT/Diego/intel/oneapi/advisor/2022.3.0/bin64/advixe-runss --ui-output-format xml --ui-output-fd 102 --context-value-list 
2374 [140018270377920] INFO perfrun.launcher <> - create msngr2::ICliToolContext
2375 [140018270377920] INFO perfrun.launcher <> - create file finder object
2491 [140018270377920] INFO perfrun.launcher <> - Put into the variant bag the context value: name = targetOS; value = Linux
2491 [140018270377920] INFO perfrun.launcher <> - Put into the variant bag the context value: name = OS; value = Linux
2491 [140018270377920] INFO perfrun.launcher <> - Put into the variant bag the context value: name = OSBuildNumber; value = 0
2491 [140018270377920] INFO perfrun.launcher <> - Put into the variant bag the context value: name = OSBitness; value = 64
2491 [140018270377920] INFO perfrun.launcher <> - Put into the variant bag the context value: name = RootPrivileges; value = false
2491 [140018270377920] INFO perfrun.launcher <> - Put into the variant bag the context value: name = isPtraceScopeLimited; value = true
2491 [140018270377920] INFO perfrun.launcher <> - Put into the variant bag the context value: name = isCATSupportedByCPU; value = false
2491 [140018270377920] INFO perfrun.launcher <> - Put into the variant bag the context value: name = isL3MonitoringSupportedByCPU; value = false
2491 [140018270377920] INFO perfrun.launcher <> - Put into the variant bag the context value: name = isTSXAvailable; value = false
2491 [140018270377920] INFO perfrun.launcher <> - Put into the variant bag the context value: name = isPTAvailable; value = false
2491 [140018270377920] INFO perfrun.launcher <> - Put into the variant bag the context value: name = isHTEnabled; value = true
2491 [140018270377920] INFO perfrun.launcher <> - Put into the variant bag the context value: name = fpgaOnBoard; value = None
2491 [140018270377920] INFO perfrun.launcher <> - Put into the variant bag the context value: name = omniPathOnBoard; value = None
2491 [140018270377920] INFO perfrun.launcher <> - Put into the variant bag the context value: name = genArchOnBoard; value = 0
2491 [140018270377920] INFO perfrun.launcher <> - Put into the variant bag the context value: name = pciClassParts; value = 
2492 [140018270377920] INFO perfrun.launcher <> - Put into the variant bag the context value: name = tidValuesForIO; value = 
2492 [140018270377920] INFO perfrun.launcher <> - Put into the variant bag the context value: name = populatedIoParts; value = 
2492 [140018270377920] INFO perfrun.launcher <> - Put into the variant bag the context value: name = populatedIoUnits; value = 
2492 [140018270377920] INFO perfrun.launcher <> - Put into the variant bag the context value: name = populatedTidValuesForIO; value = 
2492 [140018270377920] INFO perfrun.launcher <> - Put into the variant bag the context value: name = isSGXAvailable; value = false
2492 [140018270377920] INFO perfrun.launcher <> - Put into the variant bag the context value: name = LinuxRelease; value = 5.15.0-52-generic
2492 [140018270377920] INFO perfrun.launcher <> - Put into the variant bag the context value: name = is3DXPPresent; value = false
2492 [140018270377920] INFO perfrun.launcher <> - Put into the variant bag the context value: name = is3DXP2LMMode; value = false
2492 [140018270377920] INFO perfrun.launcher <> - Put into the variant bag the context value: name = is3DXPAppDirectMode; value = false
2492 [140018270377920] INFO perfrun.launcher <> - Put into the variant bag the context value: name = IsNUMANodeWithoutCPUsPresent; value = false
2492 [140018270377920] INFO perfrun.launcher <> - Put into the variant bag the context value: name = Hypervisor; value = None
2492 [140018270377920] INFO perfrun.launcher <> - Put into the variant bag the context value: name = PerfmonVersion; value = 0
2492 [140018270377920] INFO perfrun.launcher <> - Put into the variant bag the context value: name = isMaxDRAMBandwidthMeasurementSupported; value = false
2492 [140018270377920] INFO perfrun.launcher <> - Put into the variant bag the context value: name = preferedGpuAdapter; value = none
2492 [140018270377920] INFO perfrun.launcher <> - Put into the variant bag the context value: name = isEHFIAvailable; value = false
2492 [140018270377920] INFO perfrun.launcher <> - Put into the variant bag the context value: name = i915Status; value = MissingDriver
2492 [140018270377920] INFO perfrun.launcher <> - Put into the variant bag the context value: name = isTPSSAvailable; value = true
2492 [140018270377920] INFO perfrun.launcher <> - Put into the variant bag the context value: name = isPytraceAvailable; value = true
2492 [140018270377920] INFO perfrun.launcher <> - Put into the variant bag the context value: name = forceShowInlines; value = false
2493 [140018270377920] INFO perfrun.launcher <> - Application exit code: 0
2493 [140018270377920] INFO perfrun.launcher <> - Exit code: 0
