19 [140054118950848] INFO perfrun.launcher <> - Launcher main begin
28 [140054118950848] INFO perfrun.launcher <> - MessageCatalogInit finished
28 [140054118950848] INFO perfrun.launcher <> - Launcher instance created
28 [140054118950848] INFO perfrun.launcher <> - argc = 6; cmdline = /media/diego/TOSHIBA EXT/Diego/intel/oneapi/advisor/2022.3.0/bin64/advixe-runss --ui-output-format xml --ui-output-fd 98 --context-value-list 
2388 [140054118950848] INFO perfrun.launcher <> - create msngr2::ICliToolContext
2389 [140054118950848] INFO perfrun.launcher <> - create file finder object
2411 [140054118950848] INFO perfrun.launcher <> - Put into the variant bag the context value: name = targetOS; value = Linux
2411 [140054118950848] INFO perfrun.launcher <> - Put into the variant bag the context value: name = OS; value = Linux
2411 [140054118950848] INFO perfrun.launcher <> - Put into the variant bag the context value: name = OSBuildNumber; value = 0
2411 [140054118950848] INFO perfrun.launcher <> - Put into the variant bag the context value: name = OSBitness; value = 64
2411 [140054118950848] INFO perfrun.launcher <> - Put into the variant bag the context value: name = RootPrivileges; value = false
2411 [140054118950848] INFO perfrun.launcher <> - Put into the variant bag the context value: name = isPtraceScopeLimited; value = true
2411 [140054118950848] INFO perfrun.launcher <> - Put into the variant bag the context value: name = isCATSupportedByCPU; value = false
2411 [140054118950848] INFO perfrun.launcher <> - Put into the variant bag the context value: name = isL3MonitoringSupportedByCPU; value = false
2411 [140054118950848] INFO perfrun.launcher <> - Put into the variant bag the context value: name = isTSXAvailable; value = false
2411 [140054118950848] INFO perfrun.launcher <> - Put into the variant bag the context value: name = isPTAvailable; value = false
2412 [140054118950848] INFO perfrun.launcher <> - Put into the variant bag the context value: name = isHTEnabled; value = true
2412 [140054118950848] INFO perfrun.launcher <> - Put into the variant bag the context value: name = fpgaOnBoard; value = None
2412 [140054118950848] INFO perfrun.launcher <> - Put into the variant bag the context value: name = omniPathOnBoard; value = None
2412 [140054118950848] INFO perfrun.launcher <> - Put into the variant bag the context value: name = genArchOnBoard; value = 0
2412 [140054118950848] INFO perfrun.launcher <> - Put into the variant bag the context value: name = pciClassParts; value = 
2412 [140054118950848] INFO perfrun.launcher <> - Put into the variant bag the context value: name = tidValuesForIO; value = 
2412 [140054118950848] INFO perfrun.launcher <> - Put into the variant bag the context value: name = populatedIoParts; value = 
2412 [140054118950848] INFO perfrun.launcher <> - Put into the variant bag the context value: name = populatedIoUnits; value = 
2412 [140054118950848] INFO perfrun.launcher <> - Put into the variant bag the context value: name = populatedTidValuesForIO; value = 
2412 [140054118950848] INFO perfrun.launcher <> - Put into the variant bag the context value: name = isSGXAvailable; value = false
2412 [140054118950848] INFO perfrun.launcher <> - Put into the variant bag the context value: name = LinuxRelease; value = 5.15.0-52-generic
2412 [140054118950848] INFO perfrun.launcher <> - Put into the variant bag the context value: name = is3DXPPresent; value = false
2412 [140054118950848] INFO perfrun.launcher <> - Put into the variant bag the context value: name = is3DXP2LMMode; value = false
2412 [140054118950848] INFO perfrun.launcher <> - Put into the variant bag the context value: name = is3DXPAppDirectMode; value = false
2413 [140054118950848] INFO perfrun.launcher <> - Put into the variant bag the context value: name = IsNUMANodeWithoutCPUsPresent; value = false
2413 [140054118950848] INFO perfrun.launcher <> - Put into the variant bag the context value: name = Hypervisor; value = None
2413 [140054118950848] INFO perfrun.launcher <> - Put into the variant bag the context value: name = PerfmonVersion; value = 0
2413 [140054118950848] INFO perfrun.launcher <> - Put into the variant bag the context value: name = isMaxDRAMBandwidthMeasurementSupported; value = false
2413 [140054118950848] INFO perfrun.launcher <> - Put into the variant bag the context value: name = preferedGpuAdapter; value = none
2413 [140054118950848] INFO perfrun.launcher <> - Put into the variant bag the context value: name = isEHFIAvailable; value = false
2413 [140054118950848] INFO perfrun.launcher <> - Put into the variant bag the context value: name = i915Status; value = MissingDriver
2413 [140054118950848] INFO perfrun.launcher <> - Put into the variant bag the context value: name = isTPSSAvailable; value = true
2413 [140054118950848] INFO perfrun.launcher <> - Put into the variant bag the context value: name = isPytraceAvailable; value = true
2413 [140054118950848] INFO perfrun.launcher <> - Put into the variant bag the context value: name = forceShowInlines; value = false
2414 [140054118950848] INFO perfrun.launcher <> - Application exit code: 0
2414 [140054118950848] INFO perfrun.launcher <> - Exit code: 0
